0 silly argv {
0 silly argv   _: [ 'import' ],
0 silly argv   flatten: true,
0 silly argv   lernaVersion: '3.22.0',
0 silly argv   '$0': 'lerna',
0 silly argv   dir: '/Users/Jon/dev/htmlgoddess'
0 silly argv }
1 notice cli v3.22.0
2 verbose rootPath /Users/Jon/dev/htmlgoddess-monorepo
3 error Error: Command failed: git rev-parse HEAD
3 error fatal: ambiguous argument 'HEAD': unknown revision or path not in the working tree.
3 error Use '--' to separate paths from revisions, like this:
3 error 'git <command> [<revision>...] -- [<file>...]'
3 error
3 error HEAD
3 error
3 error     at makeError (/usr/local/lib/node_modules/lerna/node_modules/execa/index.js:174:9)
3 error     at Function.module.exports.sync (/usr/local/lib/node_modules/lerna/node_modules/execa/index.js:338:15)
3 error     at Object.execSync (/usr/local/lib/node_modules/lerna/node_modules/@lerna/child-process/index.js:26:16)
3 error     at ImportCommand.execSync (/usr/local/lib/node_modules/lerna/node_modules/@lerna/import/index.js:143:34)
3 error     at ImportCommand.getCurrentSHA (/usr/local/lib/node_modules/lerna/node_modules/@lerna/import/index.js:135:17)
3 error     at ImportCommand.initialize (/usr/local/lib/node_modules/lerna/node_modules/@lerna/import/index.js:104:31)
3 error     at /usr/local/lib/node_modules/lerna/node_modules/@lerna/command/index.js:272:24
